<?xml version="1.0" encoding="UTF-8"?>
<!-- Generated by org.testng.reporters.JUnitReportReporter -->
<testsuite hostname="LAPTOP-QUP3I3C6" name="seleniumpractice.core.XpathSibling" tests="1" failures="0" timestamp="4 Oct 2020 19:30:25 GMT" time="22.168" errors="0">
  <testcase name="testSiblingandParentinXpath" time="22.168" classname="seleniumpractice.core.XpathSibling"/>
</testsuite> <!-- seleniumpractice.core.XpathSibling -->
